<?xml version="1.0" encoding="UTF-8"?>
<!-- Generated by org.testng.reporters.JUnitXMLReporter -->
<testsuite ignored="0" hostname="vipul" failures="0" tests="4" name="Default test" time="38.563" errors="0" timestamp="2020-03-02T14:46:33 IST">
  <testcase classname="com.stock.qa.testcases.SiteEstimateTest" name="verify_SiteEstimateTitle" time="6.644"/>
  <testcase classname="com.stock.qa.testcases.SiteEstimateTest" name="Verify_SiteEstimate_Functionality_Test" time="2.924"/>
  <testcase classname="com.stock.qa.testcases.SiteEstimateTest" name="Verify_SiteEstimate_Functionality_Test" time="2.614"/>
  <testcase classname="com.stock.qa.testcases.SiteEstimateTest" name="Verify_SiteEstimate_Functionality_Test" time="2.545"/>
</testsuite> <!-- Default test -->
