<?xml version="1.0" encoding="UTF-8"?>
<!-- Generated by org.testng.reporters.JUnitXMLReporter -->
<testsuite ignored="0" hostname="vipul" failures="0" tests="4" name="Test2" time="54.386" errors="0" timestamp="2020-02-28T13:24:50 IST">
  <testcase classname="com.stock.qa.testcases.AddSuppliersTest" name="Verify_AddproducttitleName_Test" time="4.008"/>
  <testcase classname="com.stock.qa.testcases.AddSuppliersTest" name="Verify_Addsupplier_Functionality_Test" time="5.544"/>
  <testcase classname="com.stock.qa.testcases.AddSupervisorTest" name="Verify_AddSupervisorTitleName_Test" time="2.51"/>
  <testcase classname="com.stock.qa.testcases.AddSupervisorTest" name="Verify_AddSupervisorFunctionality_Test" time="5.179"/>
</testsuite> <!-- Test2 -->
