<?xml version="1.0" encoding="UTF-8"?>
<!-- Generated by org.testng.reporters.JUnitXMLReporter -->
<testsuite ignored="0" hostname="vipul" failures="1" tests="13" name="testcase" time="116.111" errors="0" timestamp="2019-12-09T17:19:18 IST">
  <testcase classname="com.stock.qa.testcases.AddProductCategoryTest" name="verify_Settings_Test" time="1.667"/>
  <testcase classname="com.stock.qa.testcases.AddProductCategoryTest" name="verify_Addproduct_Category_TitleNameTest" time="11.122"/>
  <testcase classname="com.stock.qa.testcases.AddProductCategoryTest" name="verify_Addproductcategory_Test" time="13.725">
    <failure type="java.lang.NullPointerException">
      <![CDATA[java.lang.NullPointerException
at com.stock.qa.testcases.AddProductCategoryTest.verify_Addproductcategory_Test(AddProductCategoryTest.java:53)
at java.base/java.util.ArrayList.forEach(ArrayList.java:1540)
... Removed 27 stack frames]]>
    </failure>
  </testcase> <!-- verify_Addproductcategory_Test -->
  <testcase classname="com.stock.qa.testcases.LoginTestCase" name="loginPageTitleTest" time="0.013"/>
  <testcase classname="com.stock.qa.testcases.LoginTestCase" name="crmLogoImageTest" time="0.111"/>
  <testcase classname="com.stock.qa.testcases.LoginTestCase" name="loginTest" time="2.41"/>
  <testcase classname="com.stock.qa.testcases.HomePageTest" name="verifyHomePageTitleTest" time="0.017"/>
  <testcase classname="com.stock.qa.testcases.HomePageTest" name="verifyCorrectCompanyLogoTest" time="0.088"/>
  <testcase classname="com.stock.qa.testcases.HomePageTest" name="verifyDispatchMaterialLinkTest" time="0.706"/>
  <testcase classname="com.stock.qa.testcases.HomePageTest" name="verifyReturnMaterialLinkTest" time="0.741"/>
  <testcase classname="com.stock.qa.testcases.HomePageTest" name="verifySettingsLinkTest" time="0.099"/>
  <testcase classname="com.stock.qa.testcases.HomePageTest" name="verifyLogoutBtnTest" time="0.207"/>
  <testcase classname="com.stock.qa.testcases.Setting_test" name="SettingTest" time="1.508"/>
</testsuite> <!-- testcase -->
